GROUP,PACKAGE,CLASS,INSTRUCTION_MISSED,INSTRUCTION_COVERED,BRANCH_MISSED,BRANCH_COVERED,LINE_MISSED,LINE_COVERED,COMPLEXITY_MISSED,COMPLEXITY_COVERED,METHOD_MISSED,METHOD_COVERED
spring-boot-skeleton,com.nnk.springboot.controllers,HomeController,0,20,0,0,0,7,0,4,0,4
spring-boot-skeleton,com.nnk.springboot.controllers,CurveController,59,83,2,2,8,21,4,8,2,8
spring-boot-skeleton,com.nnk.springboot.controllers,UserController,82,86,2,2,13,22,4,8,2,8
spring-boot-skeleton,com.nnk.springboot.controllers,TradeController,59,83,2,2,8,21,4,8,2,8
spring-boot-skeleton,com.nnk.springboot.controllers,RuleNameController,59,83,2,2,8,21,4,8,2,8
spring-boot-skeleton,com.nnk.springboot.controllers,BidListController,59,83,2,2,8,21,4,8,2,8
spring-boot-skeleton,com.nnk.springboot.controllers,RatingController,59,83,2,2,8,21,4,8,2,8
spring-boot-skeleton,com.nnk.springboot.configuration,SpringSecurityConfig,0,86,0,0,0,17,0,4,0,4
spring-boot-skeleton,com.nnk.springboot,Application,5,3,0,0,2,1,1,1,1,1
